c:\users\shaswot paudel\source\repos\textsdlproject\textsdlproject\x64\debug\vc142.pdb
c:\users\shaswot paudel\source\repos\textsdlproject\textsdlproject\x64\debug\vc142.idb
c:\users\shaswot paudel\source\repos\textsdlproject\textsdlproject\x64\debug\main.obj
c:\users\shaswot paudel\source\repos\textsdlproject\textsdlproject\x64\debug\game.obj
c:\users\shaswot paudel\source\repos\textsdlproject\textsdlproject\x64\debug\textmanager.obj
c:\users\shaswot paudel\source\repos\textsdlproject\textsdlproject\x64\debug\texturemanager.obj
c:\users\shaswot paudel\source\repos\textsdlproject\textsdlproject\x64\debug\player.obj
c:\users\shaswot paudel\source\repos\textsdlproject\textsdlproject\x64\debug\gameobject.obj
c:\users\shaswot paudel\source\repos\textsdlproject\textsdlproject\x64\debug\enemy.obj
c:\users\shaswot paudel\source\repos\textsdlproject\textsdlproject\x64\debug\textsdlproject.obj
c:\users\shaswot paudel\source\repos\textsdlproject\x64\debug\textsdlproject.pdb
c:\users\shaswot paudel\source\repos\textsdlproject\textsdlproject\x64\debug\textsdlproject.tlog\cl.command.1.tlog
c:\users\shaswot paudel\source\repos\textsdlproject\textsdlproject\x64\debug\textsdlproject.tlog\cl.read.1.tlog
c:\users\shaswot paudel\source\repos\textsdlproject\textsdlproject\x64\debug\textsdlproject.tlog\cl.write.1.tlog
c:\users\shaswot paudel\source\repos\textsdlproject\textsdlproject\x64\debug\textsdlproject.tlog\link-cvtres.read.1.tlog
c:\users\shaswot paudel\source\repos\textsdlproject\textsdlproject\x64\debug\textsdlproject.tlog\link-cvtres.write.1.tlog
c:\users\shaswot paudel\source\repos\textsdlproject\textsdlproject\x64\debug\textsdlproject.tlog\link-rc.read.1.tlog
c:\users\shaswot paudel\source\repos\textsdlproject\textsdlproject\x64\debug\textsdlproject.tlog\link-rc.write.1.tlog
c:\users\shaswot paudel\source\repos\textsdlproject\textsdlproject\x64\debug\textsdlproject.tlog\link.13156-cvtres.read.1.tlog
c:\users\shaswot paudel\source\repos\textsdlproject\textsdlproject\x64\debug\textsdlproject.tlog\link.13156-cvtres.write.1.tlog
c:\users\shaswot paudel\source\repos\textsdlproject\textsdlproject\x64\debug\textsdlproject.tlog\link.13156-rc.read.1.tlog
c:\users\shaswot paudel\source\repos\textsdlproject\textsdlproject\x64\debug\textsdlproject.tlog\link.13156-rc.write.1.tlog
c:\users\shaswot paudel\source\repos\textsdlproject\textsdlproject\x64\debug\textsdlproject.tlog\link.13156.read.1.tlog
c:\users\shaswot paudel\source\repos\textsdlproject\textsdlproject\x64\debug\textsdlproject.tlog\link.13156.write.1.tlog
c:\users\shaswot paudel\source\repos\textsdlproject\textsdlproject\x64\debug\textsdlproject.tlog\link.command.1.tlog
c:\users\shaswot paudel\source\repos\textsdlproject\textsdlproject\x64\debug\textsdlproject.tlog\link.read.1.tlog
c:\users\shaswot paudel\source\repos\textsdlproject\textsdlproject\x64\debug\textsdlproject.tlog\link.write.1.tlog
